[INFO] Scanning for projects...
[INFO] 
[INFO] -----------------------< com.flowforge:workflow >-----------------------
[INFO] Building workflow-service 0.0.1-SNAPSHOT
[INFO]   from pom.xml
[INFO] --------------------------------[ jar ]---------------------------------
[INFO] 
[INFO] --- clean:3.4.1:clean (default-clean) @ workflow ---
[INFO] Deleting D:\dhrubo\flowforge-worflow-automation\workflow\target
[INFO] 
[INFO] >>> spring-boot:3.5.7:run (default-cli) > test-compile @ workflow >>>
[INFO] 
[INFO] --- resources:3.3.1:resources (default-resources) @ workflow ---
[INFO] Copying 2 resources from src\main\resources to target\classes
[INFO] Copying 0 resource from src\main\resources to target\classes
[INFO] 
[INFO] --- compiler:3.14.1:compile (default-compile) @ workflow ---
[INFO] Recompiling the module because of changed source code.
[INFO] Compiling 14 source files with javac [debug parameters release 21] to target\classes
[INFO] Annotation processing is enabled because one or more processors were found
  on the class path. A future release of javac may disable annotation processing
  unless at least one processor is specified by name (-processor), or a search
  path is specified (--processor-path, --processor-module-path), or annotation
  processing is enabled explicitly (-proc:only, -proc:full).
  Use -Xlint:-options to suppress this message.
  Use -proc:none to disable annotation processing.
[INFO] 
[INFO] --- resources:3.3.1:testResources (default-testResources) @ workflow ---
[INFO] skip non existing resourceDirectory D:\dhrubo\flowforge-worflow-automation\workflow\src\test\resources
[INFO] 
[INFO] --- compiler:3.14.1:testCompile (default-testCompile) @ workflow ---
[INFO] Recompiling the module because of changed dependency.
[INFO] Compiling 1 source file with javac [debug parameters release 21] to target\test-classes
[INFO] Annotation processing is enabled because one or more processors were found
  on the class path. A future release of javac may disable annotation processing
  unless at least one processor is specified by name (-processor), or a search
  path is specified (--processor-path, --processor-module-path), or annotation
  processing is enabled explicitly (-proc:only, -proc:full).
  Use -Xlint:-options to suppress this message.
  Use -proc:none to disable annotation processing.
[INFO] 
[INFO] <<< spring-boot:3.5.7:run (default-cli) < test-compile @ workflow <<<
[INFO] 
[INFO] 
[INFO] --- spring-boot:3.5.7:run (default-cli) @ workflow ---
[INFO] Attaching agents: []

  .   ____          _            __ _ _
 /\\ / ___'_ __ _ _(_)_ __  __ _ \ \ \ \
( ( )\___ | '_ | '_| | '_ \/ _` | \ \ \ \
 \\/  ___)| |_)| | | | | || (_| |  ) ) ) )
  '  |____| .__|_| |_|_| |_\__, | / / / /
 =========|_|==============|___/=/_/_/_/

 :: Spring Boot ::                (v3.5.7)

2025-12-30T15:34:32.557+06:00  INFO 11536 --- [workflow-service] [           main] c.f.workflow.WorkflowApplication         : Starting WorkflowApplication using Java 21 with PID 11536 (D:\dhrubo\flowforge-worflow-automation\workflow\target\classes started by tonmo in D:\dhrubo\flowforge-worflow-automation\workflow)
2025-12-30T15:34:32.559+06:00  INFO 11536 --- [workflow-service] [           main] c.f.workflow.WorkflowApplication         : The following 1 profile is active: "dev"
2025-12-30T15:34:32.992+06:00  INFO 11536 --- [workflow-service] [           main] .s.d.r.c.RepositoryConfigurationDelegate : Bootstrapping Spring Data JPA repositories in DEFAULT mode.
2025-12-30T15:34:33.034+06:00  INFO 11536 --- [workflow-service] [           main] .s.d.r.c.RepositoryConfigurationDelegate : Finished Spring Data repository scanning in 36 ms. Found 1 JPA repository interface.
2025-12-30T15:34:33.413+06:00  INFO 11536 --- [workflow-service] [           main] o.s.b.w.embedded.tomcat.TomcatWebServer  : Tomcat initialized with port 8082 (http)
2025-12-30T15:34:33.423+06:00  INFO 11536 --- [workflow-service] [           main] o.apache.catalina.core.StandardService   : Starting service [Tomcat]
2025-12-30T15:34:33.423+06:00  INFO 11536 --- [workflow-service] [           main] o.apache.catalina.core.StandardEngine    : Starting Servlet engine: [Apache Tomcat/10.1.48]
2025-12-30T15:34:33.465+06:00  INFO 11536 --- [workflow-service] [           main] o.a.c.c.C.[Tomcat].[localhost].[/]       : Initializing Spring embedded WebApplicationContext
2025-12-30T15:34:33.466+06:00  INFO 11536 --- [workflow-service] [           main] w.s.c.ServletWebServerApplicationContext : Root WebApplicationContext: initialization completed in 877 ms
2025-12-30T15:34:33.568+06:00  INFO 11536 --- [workflow-service] [           main] com.zaxxer.hikari.HikariDataSource       : HikariPool-1 - Starting...
2025-12-30T15:34:36.640+06:00  INFO 11536 --- [workflow-service] [           main] com.zaxxer.hikari.pool.HikariPool        : HikariPool-1 - Added connection org.postgresql.jdbc.PgConnection@5438fa43
2025-12-30T15:34:36.641+06:00  INFO 11536 --- [workflow-service] [           main] com.zaxxer.hikari.HikariDataSource       : HikariPool-1 - Start completed.
2025-12-30T15:34:36.685+06:00  INFO 11536 --- [workflow-service] [           main] o.hibernate.jpa.internal.util.LogHelper  : HHH000204: Processing PersistenceUnitInfo [name: default]
2025-12-30T15:34:36.749+06:00  INFO 11536 --- [workflow-service] [           main] org.hibernate.Version                    : HHH000412: Hibernate ORM core version 6.6.33.Final
2025-12-30T15:34:36.785+06:00  INFO 11536 --- [workflow-service] [           main] o.h.c.internal.RegionFactoryInitiator    : HHH000026: Second-level cache disabled
2025-12-30T15:34:37.047+06:00  INFO 11536 --- [workflow-service] [           main] o.s.o.j.p.SpringPersistenceUnitInfo      : No LoadTimeWeaver setup: ignoring JPA class transformer
2025-12-30T15:34:37.423+06:00  INFO 11536 --- [workflow-service] [           main] org.hibernate.orm.connections.pooling    : HHH10001005: Database info:
	Database JDBC URL [Connecting through datasource 'HikariDataSource (HikariPool-1)']
	Database driver: undefined/unknown
	Database version: 17.7
	Autocommit mode: undefined/unknown
	Isolation level: undefined/unknown
	Minimum pool size: undefined/unknown
	Maximum pool size: undefined/unknown
2025-12-30T15:34:38.135+06:00  INFO 11536 --- [workflow-service] [           main] o.h.e.t.j.p.i.JtaPlatformInitiator       : HHH000489: No JTA platform available (set 'hibernate.transaction.jta.platform' to enable JTA platform integration)
2025-12-30T15:34:38.138+06:00  INFO 11536 --- [workflow-service] [           main] j.LocalContainerEntityManagerFactoryBean : Initialized JPA EntityManagerFactory for persistence unit 'default'
2025-12-30T15:34:38.510+06:00  WARN 11536 --- [workflow-service] [           main] JpaBaseConfiguration$JpaWebConfiguration : spring.jpa.open-in-view is enabled by default. Therefore, database queries may be performed during view rendering. Explicitly configure spring.jpa.open-in-view to disable this warning
2025-12-30T15:34:38.547+06:00  WARN 11536 --- [workflow-service] [           main] .s.s.UserDetailsServiceAutoConfiguration : 

Using generated security password: feff86da-538c-474f-abfa-07a964465c08

This generated password is for development use only. Your security configuration must be updated before running your application in production.

2025-12-30T15:34:38.558+06:00  INFO 11536 --- [workflow-service] [           main] r$InitializeUserDetailsManagerConfigurer : Global AuthenticationManager configured with UserDetailsService bean with name inMemoryUserDetailsManager
2025-12-30T15:34:39.012+06:00  INFO 11536 --- [workflow-service] [           main] o.s.b.w.embedded.tomcat.TomcatWebServer  : Tomcat started on port 8082 (http) with context path '/'
2025-12-30T15:34:39.018+06:00  INFO 11536 --- [workflow-service] [           main] c.f.workflow.WorkflowApplication         : Started WorkflowApplication in 6.878 seconds (process running for 7.135)
