[INFO] Scanning for projects...
[INFO] 
[INFO] -------------------< com.flowforge:trigger-service >--------------------
[INFO] Building trigger-service 0.0.1-SNAPSHOT
[INFO]   from pom.xml
[INFO] --------------------------------[ jar ]---------------------------------
[INFO] 
[INFO] --- clean:3.4.1:clean (default-clean) @ trigger-service ---
[INFO] Deleting D:\dhrubo\flowforge-worflow-automation\trigger\target
[INFO] 
[INFO] >>> spring-boot:3.5.7:run (default-cli) > test-compile @ trigger-service >>>
[INFO] 
[INFO] --- resources:3.3.1:resources (default-resources) @ trigger-service ---
[INFO] Copying 2 resources from src\main\resources to target\classes
[INFO] Copying 0 resource from src\main\resources to target\classes
[INFO] 
[INFO] --- compiler:3.14.1:compile (default-compile) @ trigger-service ---
[INFO] Recompiling the module because of changed source code.
[INFO] Compiling 17 source files with javac [debug parameters release 21] to target\classes
[INFO] Annotation processing is enabled because one or more processors were found
  on the class path. A future release of javac may disable annotation processing
  unless at least one processor is specified by name (-processor), or a search
  path is specified (--processor-path, --processor-module-path), or annotation
  processing is enabled explicitly (-proc:only, -proc:full).
  Use -Xlint:-options to suppress this message.
  Use -proc:none to disable annotation processing.
[INFO] 
[INFO] --- resources:3.3.1:testResources (default-testResources) @ trigger-service ---
[INFO] skip non existing resourceDirectory D:\dhrubo\flowforge-worflow-automation\trigger\src\test\resources
[INFO] 
[INFO] --- compiler:3.14.1:testCompile (default-testCompile) @ trigger-service ---
[INFO] Recompiling the module because of changed dependency.
[INFO] Compiling 1 source file with javac [debug parameters release 21] to target\test-classes
[INFO] Annotation processing is enabled because one or more processors were found
  on the class path. A future release of javac may disable annotation processing
  unless at least one processor is specified by name (-processor), or a search
  path is specified (--processor-path, --processor-module-path), or annotation
  processing is enabled explicitly (-proc:only, -proc:full).
  Use -Xlint:-options to suppress this message.
  Use -proc:none to disable annotation processing.
[INFO] 
[INFO] <<< spring-boot:3.5.7:run (default-cli) < test-compile @ trigger-service <<<
[INFO] 
[INFO] 
[INFO] --- spring-boot:3.5.7:run (default-cli) @ trigger-service ---
[INFO] Attaching agents: []

  .   ____          _            __ _ _
 /\\ / ___'_ __ _ _(_)_ __  __ _ \ \ \ \
( ( )\___ | '_ | '_| | '_ \/ _` | \ \ \ \
 \\/  ___)| |_)| | | | | || (_| |  ) ) ) )
  '  |____| .__|_| |_|_| |_\__, | / / / /
 =========|_|==============|___/=/_/_/_/

 :: Spring Boot ::                (v3.5.7)

2025-12-30 15:49:54 - Starting TriggerApplication using Java 21 with PID 5900 (D:\dhrubo\flowforge-worflow-automation\trigger\target\classes started by tonmo in D:\dhrubo\flowforge-worflow-automation\trigger)
2025-12-30 15:49:54 - Running with Spring Boot v3.5.7, Spring v6.2.12
2025-12-30 15:49:54 - The following 1 profile is active: "dev"
2025-12-30 15:49:55 - Bootstrapping Spring Data JPA repositories in DEFAULT mode.
2025-12-30 15:49:55 - Finished Spring Data repository scanning in 35 ms. Found 1 JPA repository interface.
2025-12-30 15:49:55 - Tomcat initialized with port 8083 (http)
2025-12-30 15:49:55 - Starting service [Tomcat]
2025-12-30 15:49:55 - Starting Servlet engine: [Apache Tomcat/10.1.48]
2025-12-30 15:49:55 - Initializing Spring embedded WebApplicationContext
2025-12-30 15:49:55 - Root WebApplicationContext: initialization completed in 1012 ms
2025-12-30 15:49:55 - HHH000204: Processing PersistenceUnitInfo [name: default]
2025-12-30 15:49:55 - HHH000412: Hibernate ORM core version 6.6.33.Final
2025-12-30 15:49:55 - HHH000026: Second-level cache disabled
2025-12-30 15:49:56 - No LoadTimeWeaver setup: ignoring JPA class transformer
2025-12-30 15:49:56 - HikariPool-1 - Starting...
2025-12-30 15:49:57 - HikariPool-1 - Added connection org.postgresql.jdbc.PgConnection@6f112f70
2025-12-30 15:49:57 - HikariPool-1 - Start completed.
2025-12-30 15:49:57 - HHH90000025: PostgreSQLDialect does not need to be specified explicitly using 'hibernate.dialect' (remove the property setting and it will be selected by default)
2025-12-30 15:49:57 - HHH10001005: Database info:
	Database JDBC URL [Connecting through datasource 'HikariDataSource (HikariPool-1)']
	Database driver: undefined/unknown
	Database version: 17.7
	Autocommit mode: undefined/unknown
	Isolation level: undefined/unknown
	Minimum pool size: undefined/unknown
	Maximum pool size: undefined/unknown
2025-12-30 15:49:58 - HHH000489: No JTA platform available (set 'hibernate.transaction.jta.platform' to enable JTA platform integration)
2025-12-30 15:49:58 - 
    create schema trigger_service
Hibernate: 
    create schema trigger_service
2025-12-30 15:49:58 - 
    create table trigger_service.trigger_registrations (
        id uuid not null,
        configuration jsonb,
        created_at timestamp(6) with time zone not null,
        enabled boolean not null,
        last_triggered_at timestamp(6) with time zone,
        next_scheduled_at timestamp(6) with time zone,
        trigger_type varchar(255) not null,
        updated_at timestamp(6) with time zone not null,
        user_id uuid not null,
        webhook_token varchar(255),
        webhook_url varchar(255),
        workflow_id uuid not null,
        primary key (id)
    )
Hibernate: 
    create table trigger_service.trigger_registrations (
        id uuid not null,
        configuration jsonb,
        created_at timestamp(6) with time zone not null,
        enabled boolean not null,
        last_triggered_at timestamp(6) with time zone,
        next_scheduled_at timestamp(6) with time zone,
        trigger_type varchar(255) not null,
        updated_at timestamp(6) with time zone not null,
        user_id uuid not null,
        webhook_token varchar(255),
        webhook_url varchar(255),
        workflow_id uuid not null,
        primary key (id)
    )
2025-12-30 15:49:58 - 
    create index idx_workflow_id 
       on trigger_service.trigger_registrations (workflow_id)
Hibernate: 
    create index idx_workflow_id 
       on trigger_service.trigger_registrations (workflow_id)
2025-12-30 15:49:58 - 
    create index idx_user_id 
       on trigger_service.trigger_registrations (user_id)
Hibernate: 
    create index idx_user_id 
       on trigger_service.trigger_registrations (user_id)
2025-12-30 15:49:58 - 
    create index idx_webhook_token 
       on trigger_service.trigger_registrations (webhook_token)
Hibernate: 
    create index idx_webhook_token 
       on trigger_service.trigger_registrations (webhook_token)
2025-12-30 15:49:58 - 
    create index idx_trigger_type 
       on trigger_service.trigger_registrations (trigger_type)
Hibernate: 
    create index idx_trigger_type 
       on trigger_service.trigger_registrations (trigger_type)
2025-12-30 15:49:58 - 
    alter table if exists trigger_service.trigger_registrations 
       drop constraint if exists UKhpa7u2fqyfhu2vg5nfq8c34wn
Hibernate: 
    alter table if exists trigger_service.trigger_registrations 
       drop constraint if exists UKhpa7u2fqyfhu2vg5nfq8c34wn
2025-12-30 15:49:59 - SQL Warning Code: 0, SQLState: 00000
2025-12-30 15:49:59 - constraint "ukhpa7u2fqyfhu2vg5nfq8c34wn" of relation "trigger_registrations" does not exist, skipping
2025-12-30 15:49:59 - 
    alter table if exists trigger_service.trigger_registrations 
       add constraint UKhpa7u2fqyfhu2vg5nfq8c34wn unique (webhook_token)
Hibernate: 
    alter table if exists trigger_service.trigger_registrations 
       add constraint UKhpa7u2fqyfhu2vg5nfq8c34wn unique (webhook_token)
2025-12-30 15:49:59 - 
    alter table if exists trigger_service.trigger_registrations 
       drop constraint if exists UKeg6mocjayfy4hehte9xg5vi4h
Hibernate: 
    alter table if exists trigger_service.trigger_registrations 
       drop constraint if exists UKeg6mocjayfy4hehte9xg5vi4h
2025-12-30 15:49:59 - SQL Warning Code: 0, SQLState: 00000
2025-12-30 15:49:59 - constraint "ukeg6mocjayfy4hehte9xg5vi4h" of relation "trigger_registrations" does not exist, skipping
2025-12-30 15:49:59 - 
    alter table if exists trigger_service.trigger_registrations 
       add constraint UKeg6mocjayfy4hehte9xg5vi4h unique (webhook_url)
Hibernate: 
    alter table if exists trigger_service.trigger_registrations 
       add constraint UKeg6mocjayfy4hehte9xg5vi4h unique (webhook_url)
2025-12-30 15:49:59 - Initialized JPA EntityManagerFactory for persistence unit 'default'
2025-12-30 15:49:59 - Hibernate is in classpath; If applicable, HQL parser will be used.
2025-12-30 15:50:00 - spring.jpa.open-in-view is enabled by default. Therefore, database queries may be performed during view rendering. Explicitly configure spring.jpa.open-in-view to disable this warning
2025-12-30 15:50:00 - 

Using generated security password: eb8565d1-796e-452f-b2d6-d7657cb2c040

This generated password is for development use only. Your security configuration must be updated before running your application in production.

2025-12-30 15:50:00 - Global AuthenticationManager configured with UserDetailsService bean with name inMemoryUserDetailsManager
2025-12-30 15:50:00 - Tomcat started on port 8083 (http) with context path '/'
2025-12-30 15:50:00 - Started TriggerApplication in 6.245 seconds (process running for 6.511)
